生成启动时间为 2022/9/12 12:13:20。
     1>项目“D:\代码2022\chengfa.c\chengfa.c\chengfa.c.vcxproj”在节点 2 上(build 个目标)。
     1>InitializeBuildStatus:
         正在对“Debug\chengfa.c.unsuccessfulbuild”执行 Touch 任务。
       ClCompile:
         d:\visual\VC\bin\CL.exe /c /ZI /nologo /W3 /WX- /Od /Oy- /D _MBCS /Gm /EHsc /RTC1 /MDd /GS /fp:precise /Zc:wchar_t /Zc:forScope /Fo"Debug\\" /Fd"Debug\vc100.pdb" /Gd /TC /analyze- /errorReport:prompt chengfa.c
         chengfa.c
     1>d:\代码2022\chengfa.c\chengfa.c\chengfa.c(9): warning C4013: “system”未定义；假设外部返回 int
       Link:
         d:\visual\VC\bin\link.exe /ERRORREPORT:PROMPT /OUT:"D:\代码2022\chengfa.c\Debug\chengfa.c.exe" /NOLOGO kernel32.lib user32.lib gdi32.lib winspool.lib comdlg32.lib advapi32.lib shell32.lib ole32.lib oleaut32.lib uuid.lib odbc32.lib odbccp32.lib /MANIFEST /ManifestFile:"Debug\chengfa.c.exe.intermediate.manifest" /MANIFESTUAC:"level='asInvoker' uiAccess='false'" /DEBUG /PDB:"D:\代码2022\chengfa.c\Debug\chengfa.c.pdb" /TLBID:1 /DYNAMICBASE /NXCOMPAT /IMPLIB:"D:\代码2022\chengfa.c\Debug\chengfa.c.lib" /MACHINE:X86 Debug\chengfa.obj
         LINK : 没有找到 D:\代码2022\chengfa.c\Debug\chengfa.c.exe 或上一个增量链接没有生成它；正在执行完全链接
         chengfa.c.vcxproj -> D:\代码2022\chengfa.c\Debug\chengfa.c.exe
       Manifest:
         C:\Program Files (x86)\Microsoft SDKs\Windows\v7.0A\bin\mt.exe /nologo /verbose /outputresource:"D:\代码2022\chengfa.c\Debug\chengfa.c.exe;#1" /manifest Debug\chengfa.c.exe.intermediate.manifest
       FinalizeBuildStatus:
         正在删除文件“Debug\chengfa.c.unsuccessfulbuild”。
         正在对“Debug\chengfa.c.lastbuildstate”执行 Touch 任务。
     1>已完成生成项目“D:\代码2022\chengfa.c\chengfa.c\chengfa.c.vcxproj”(build 个目标)的操作。

生成成功。

已用时间 00:00:00.49
