生成启动时间为 2022/9/14 10:16:16。
     1>项目“D:\代码2022\比较.c\比较.c\比较.c.vcxproj”在节点 2 上(build 个目标)。
     1>InitializeBuildStatus:
         正在创建“Debug\比较.c.unsuccessfulbuild”，因为已指定“AlwaysCreate”。
       ClCompile:
         d:\visual\VC\bin\CL.exe /c /ZI /nologo /W3 /WX- /Od /Oy- /D _UNICODE /D UNICODE /Gm /EHsc /RTC1 /MDd /GS /fp:precise /Zc:wchar_t /Zc:forScope /Fo"Debug\\" /Fd"Debug\vc100.pdb" /Gd /TC /analyze- /errorReport:prompt bijiao.c
         bijiao.c
     1>d:\代码2022\比较.c\比较.c\bijiao.c(13): warning C4013: “printf”未定义；假设外部返回 int
     1>d:\代码2022\比较.c\比较.c\bijiao.c(14): warning C4013: “system”未定义；假设外部返回 int
       Link:
         d:\visual\VC\bin\link.exe /ERRORREPORT:PROMPT /OUT:"D:\代码2022\比较.c\Debug\比较.c.exe" /NOLOGO kernel32.lib user32.lib gdi32.lib winspool.lib comdlg32.lib advapi32.lib shell32.lib ole32.lib oleaut32.lib uuid.lib odbc32.lib odbccp32.lib /MANIFEST /ManifestFile:"Debug\比较.c.exe.intermediate.manifest" /MANIFESTUAC:"level='asInvoker' uiAccess='false'" /DEBUG /PDB:"D:\代码2022\比较.c\Debug\比较.c.pdb" /TLBID:1 /DYNAMICBASE /NXCOMPAT /IMPLIB:"D:\代码2022\比较.c\Debug\比较.c.lib" /MACHINE:X86 Debug\bijiao.obj
         LINK : 没有找到 D:\代码2022\比较.c\Debug\比较.c.exe 或上一个增量链接没有生成它；正在执行完全链接
         比较.c.vcxproj -> D:\代码2022\比较.c\Debug\比较.c.exe
       Manifest:
         C:\Program Files (x86)\Microsoft SDKs\Windows\v7.0A\bin\mt.exe /nologo /verbose /outputresource:"D:\代码2022\比较.c\Debug\比较.c.exe;#1" /manifest "Debug\比较.c.exe.intermediate.manifest"
       FinalizeBuildStatus:
         正在删除文件“Debug\比较.c.unsuccessfulbuild”。
         正在对“Debug\比较.c.lastbuildstate”执行 Touch 任务。
     1>已完成生成项目“D:\代码2022\比较.c\比较.c\比较.c.vcxproj”(build 个目标)的操作。

生成成功。

已用时间 00:00:00.55
