生成启动时间为 2022/9/15 9:18:46。
     1>项目“D:\代码2022\one.c\one.c\one.c.vcxproj”在节点 2 上(build 个目标)。
     1>PrepareForBuild:
         正在创建目录“D:\代码2022\one.c\Debug\”。
       InitializeBuildStatus:
         正在创建“Debug\one.c.unsuccessfulbuild”，因为已指定“AlwaysCreate”。
       ClCompile:
         d:\visual\VC\bin\CL.exe /c /ZI /nologo /W3 /WX- /Od /Oy- /D _MBCS /Gm /EHsc /RTC1 /MDd /GS /fp:precise /Zc:wchar_t /Zc:forScope /Fo"Debug\\" /Fd"Debug\vc100.pdb" /Gd /TC /analyze- /errorReport:prompt one.c
         one.c
     1>d:\代码2022\one.c\one.c\one.c(10): warning C4013: “system”未定义；假设外部返回 int
       Link:
         d:\visual\VC\bin\link.exe /ERRORREPORT:PROMPT /OUT:"D:\代码2022\one.c\Debug\one.c.exe" /NOLOGO kernel32.lib user32.lib gdi32.lib winspool.lib comdlg32.lib advapi32.lib shell32.lib ole32.lib oleaut32.lib uuid.lib odbc32.lib odbccp32.lib /MANIFEST /ManifestFile:"Debug\one.c.exe.intermediate.manifest" /MANIFESTUAC:"level='asInvoker' uiAccess='false'" /DEBUG /PDB:"D:\代码2022\one.c\Debug\one.c.pdb" /TLBID:1 /DYNAMICBASE /NXCOMPAT /IMPLIB:"D:\代码2022\one.c\Debug\one.c.lib" /MACHINE:X86 Debug\one.obj
         one.c.vcxproj -> D:\代码2022\one.c\Debug\one.c.exe
       Manifest:
         C:\Program Files (x86)\Microsoft SDKs\Windows\v7.0A\bin\mt.exe /nologo /verbose /outputresource:"D:\代码2022\one.c\Debug\one.c.exe;#1" /manifest Debug\one.c.exe.intermediate.manifest
       FinalizeBuildStatus:
         正在删除文件“Debug\one.c.unsuccessfulbuild”。
         正在对“Debug\one.c.lastbuildstate”执行 Touch 任务。
     1>已完成生成项目“D:\代码2022\one.c\one.c\one.c.vcxproj”(build 个目标)的操作。

生成成功。

已用时间 00:00:00.84
